<?xml version="1.0" encoding="UTF-8"?>
<!-- Generated by org.testng.reporters.JUnitReportReporter -->
<testsuite skipped="0" hostname="BDC6-DX-3QZ4N62" name="com.tests.AJAXTest" tests="1" failures="0" timestamp="22 Jan 2019 06:13:36 GMT" time="37.593" errors="0">
  <testcase name="ajax" time="37.593" classname="com.tests.AJAXTest"/>
</testsuite> <!-- com.tests.AJAXTest -->
