<?xml version="1.0" encoding="UTF-8"?>
<!-- Generated by org.testng.reporters.JUnitReportReporter -->
<testsuite skipped="0" hostname="BDC6-DX-3QZ4N62" name="com.tests.Day2_2" tests="1" failures="0" timestamp="22 Jan 2019 07:48:27 GMT" time="0.000" errors="0">
  <testcase name="demotestdemowebshoplogin" time="0.000" classname="com.tests.Day2_2"/>
</testsuite> <!-- com.tests.Day2_2 -->
