<?xml version="1.0" encoding="UTF-8"?>
<!-- Generated by org.testng.reporters.JUnitReportReporter -->
<testsuite skipped="0" hostname="BDC6-DX-3QZ4N62" name="com.tests.Day2_1" tests="1" failures="0" timestamp="22 Jan 2019 04:43:41 GMT" time="0.842" errors="0">
  <testcase name="testexcel" time="0.842" classname="com.tests.Day2_1"/>
</testsuite> <!-- com.tests.Day2_1 -->
